<?xml version="1.0" encoding="UTF-8"?>
<testsuite name="ATB6xRestAssuredPractice"
           tests="2"
           failures="0"
           errors="0"
           skipped="0"
           time="0.012">
    <properties></properties>



            <testcase
                name="getRequest3"
                time="0.001"
                classname="com.thetestingacademy.testng.Lab262">
            </testcase>
            <testcase
                name="getRequest2"
                time="0.011"
                classname="com.thetestingacademy.testng.Lab262">
            </testcase>
</testsuite>
