<?xml version="1.0" encoding="UTF-8"?>
<testsuite name="CRUD All Test"
           tests="2"
           failures="0"
           errors="0"
           skipped="0"
           time="3.016">
    <properties></properties>



            <testcase
                name="getRequestNegative"
                time="1.086"
                classname="com.thetestingacademy.ex_22062024.CRUD.GET.Lab270">
            </testcase>
            <testcase
                name="getRequestPositive"
                time="1.930"
                classname="com.thetestingacademy.ex_22062024.CRUD.GET.Lab270">
            </testcase>
</testsuite>
