<?xml version="1.0" encoding="UTF-8"?>
<testsuite name="ATB6xRestAssuredPractice"
           tests="3"
           failures="0"
           errors="0"
           skipped="0"
           time="0.072">
    <properties></properties>



            <testcase
                name="testAuthToGetToke"
                time="0.069"
                classname="com.thetestingacademy.testng.Lab285">
            </testcase>
            <testcase
                name="testAuthToGetToke"
                time="0.002"
                classname="com.thetestingacademy.testng.Lab285">
            </testcase>
            <testcase
                name="testAuthToGetToke"
                time="0.001"
                classname="com.thetestingacademy.testng.Lab285">
            </testcase>
</testsuite>
