<?xml version="1.0" encoding="UTF-8"?>
<testsuite name="ATB6xRestAssuredPractice"
           tests="3"
           failures="0"
           errors="0"
           skipped="0"
           time="0.076">
    <properties></properties>



            <testcase
                name="testMethodC"
                time="0.000"
                classname="com.thetestingacademy.testng.Lab279">
            </testcase>
            <testcase
                name="testMethodB"
                time="0.002"
                classname="com.thetestingacademy.testng.Lab279">
            </testcase>
            <testcase
                name="testMethodA"
                time="0.074"
                classname="com.thetestingacademy.testng.Lab279">
            </testcase>
</testsuite>
